Time spent for sequential multiplying two 2048 by 2048 matrices is 40.775215 seconds. From rank: 0
Time spent for parallel multiplying two 2048 by 2048 matrices is 2.486548 seconds. From rank: 0
Hello from 0 of 4 processors.
Values at (0, 0): Result_seq = -5.309655e+00, Result_parallel = -5.309655e+00, Diff = 0.000000e+00
Values at (0, 0) are close to 0. Diff: 0.000000e+00
Values at (0, 1): Result_seq = 8.027839e+00, Result_parallel = 8.027839e+00, Diff = 0.000000e+00
Values at (0, 1) are close to 0. Diff: 0.000000e+00
Values at (0, 2): Result_seq = -7.034321e+00, Result_parallel = -7.034321e+00, Diff = 0.000000e+00
Values at (0, 2) are close to 0. Diff: 0.000000e+00
Values at (0, 3): Result_seq = -6.683757e+00, Result_parallel = -6.683757e+00, Diff = 0.000000e+00
Values at (0, 3) are close to 0. Diff: 0.000000e+00
Values at (0, 4): Result_seq = 3.957836e+00, Result_parallel = 3.957836e+00, Diff = 0.000000e+00
Values at (0, 4) are close to 0. Diff: 0.000000e+00
Values at (0, 5): Result_seq = -1.423257e+01, Result_parallel = -1.423257e+01, Diff = 0.000000e+00
Values at (0, 5) are close to 0. Diff: 0.000000e+00
Values at (0, 6): Result_seq = -1.808355e+01, Result_parallel = -1.808355e+01, Diff = 0.000000e+00
Values at (0, 6) are close to 0. Diff: 0.000000e+00
Values at (0, 7): Result_seq = -3.593276e+01, Result_parallel = -3.593276e+01, Diff = 0.000000e+00
Values at (0, 7) are close to 0. Diff: 0.000000e+00
Values at (0, 8): Result_seq = -1.637907e+01, Result_parallel = -1.637907e+01, Diff = 0.000000e+00
Values at (0, 8) are close to 0. Diff: 0.000000e+00
Values at (0, 9): Result_seq = -1.116345e+00, Result_parallel = -1.116345e+00, Diff = 0.000000e+00
Values at (0, 9) are close to 0. Diff: 0.000000e+00
Values at (1, 0): Result_seq = -1.670866e+01, Result_parallel = -1.670866e+01, Diff = 0.000000e+00
Values at (1, 0) are close to 0. Diff: 0.000000e+00
Values at (1, 1): Result_seq = -2.380026e+01, Result_parallel = -2.380026e+01, Diff = 0.000000e+00
Values at (1, 1) are close to 0. Diff: 0.000000e+00
Values at (1, 2): Result_seq = -1.942157e+00, Result_parallel = -1.942157e+00, Diff = 0.000000e+00
Values at (1, 2) are close to 0. Diff: 0.000000e+00
Hello from 1 of 4 processors.
Hello from 2 of 4 processors.
Hello from 3 of 4 processors.
Values at (1, 3): Result_seq = 4.783040e+00, Result_parallel = 4.783040e+00, Diff = 0.000000e+00
Values at (1, 3) are close to 0. Diff: 0.000000e+00
Values at (1, 4): Result_seq = 7.757213e+00, Result_parallel = 7.757213e+00, Diff = 0.000000e+00
Values at (1, 4) are close to 0. Diff: 0.000000e+00
Values at (1, 5): Result_seq = -5.252188e+00, Result_parallel = -5.252188e+00, Diff = 0.000000e+00
Values at (1, 5) are close to 0. Diff: 0.000000e+00
Values at (1, 6): Result_seq = -2.040270e+01, Result_parallel = -2.040270e+01, Diff = 0.000000e+00
Values at (1, 6) are close to 0. Diff: 0.000000e+00
Values at (1, 7): Result_seq = 1.209518e+01, Result_parallel = 1.209518e+01, Diff = 0.000000e+00
Values at (1, 7) are close to 0. Diff: 0.000000e+00
Values at (1, 8): Result_seq = 1.356052e+01, Result_parallel = 1.356052e+01, Diff = 0.000000e+00
Values at (1, 8) are close to 0. Diff: 0.000000e+00
Values at (1, 9): Result_seq = 3.782730e+00, Result_parallel = 3.782730e+00, Diff = 0.000000e+00
Values at (1, 9) are close to 0. Diff: 0.000000e+00
Values at (2, 0): Result_seq = -5.998054e+00, Result_parallel = -5.998054e+00, Diff = 0.000000e+00
Values at (2, 0) are close to 0. Diff: 0.000000e+00
Values at (2, 1): Result_seq = -1.293704e+01, Result_parallel = -1.293704e+01, Diff = 0.000000e+00
Values at (2, 1) are close to 0. Diff: 0.000000e+00
Values at (2, 2): Result_seq = -2.875645e+00, Result_parallel = -2.875645e+00, Diff = 0.000000e+00
Values at (2, 2) are close to 0. Diff: 0.000000e+00
Values at (2, 3): Result_seq = -1.222752e+00, Result_parallel = -1.222752e+00, Diff = 0.000000e+00
Values at (2, 3) are close to 0. Diff: 0.000000e+00
Values at (2, 4): Result_seq = -4.271158e+00, Result_parallel = -4.271158e+00, Diff = 0.000000e+00
Values at (2, 4) are close to 0. Diff: 0.000000e+00
Values at (2, 5): Result_seq = 2.157593e+01, Result_parallel = 2.157593e+01, Diff = 0.000000e+00
Values at (2, 5) are close to 0. Diff: 0.000000e+00
Values at (2, 6): Result_seq = -3.053579e+01, Result_parallel = -3.053579e+01, Diff = 0.000000e+00
Values at (2, 6) are close to 0. Diff: 0.000000e+00
Values at (2, 7): Result_seq = 1.209264e-01, Result_parallel = 1.209264e-01, Diff = 0.000000e+00
Values at (2, 7) are close to 0. Diff: 0.000000e+00
Values at (2, 8): Result_seq = 5.218173e-01, Result_parallel = 5.218173e-01, Diff = 0.000000e+00
Values at (2, 8) are close to 0. Diff: 0.000000e+00
Values at (2, 9): Result_seq = -1.699398e+01, Result_parallel = -1.699398e+01, Diff = 0.000000e+00
Values at (2, 9) are close to 0. Diff: 0.000000e+00
Values at (3, 0): Result_seq = -1.040729e+00, Result_parallel = -1.040729e+00, Diff = 0.000000e+00
Values at (3, 0) are close to 0. Diff: 0.000000e+00
Values at (3, 1): Result_seq = -7.324776e+00, Result_parallel = -7.324776e+00, Diff = 0.000000e+00
Values at (3, 1) are close to 0. Diff: 0.000000e+00
Values at (3, 2): Result_seq = -2.030116e+01, Result_parallel = -2.030116e+01, Diff = 0.000000e+00
Values at (3, 2) are close to 0. Diff: 0.000000e+00
Values at (3, 3): Result_seq = -2.539237e+01, Result_parallel = -2.539237e+01, Diff = 0.000000e+00
Values at (3, 3) are close to 0. Diff: 0.000000e+00
Values at (3, 4): Result_seq = 2.547920e-01, Result_parallel = 2.547920e-01, Diff = 0.000000e+00
Values at (3, 4) are close to 0. Diff: 0.000000e+00
Values at (3, 5): Result_seq = -3.347849e+01, Result_parallel = -3.347849e+01, Diff = 0.000000e+00
Values at (3, 5) are close to 0. Diff: 0.000000e+00
Values at (3, 6): Result_seq = 1.963043e+01, Result_parallel = 1.963043e+01, Diff = 0.000000e+00
Values at (3, 6) are close to 0. Diff: 0.000000e+00
Values at (3, 7): Result_seq = 1.260712e+01, Result_parallel = 1.260712e+01, Diff = 0.000000e+00
Values at (3, 7) are close to 0. Diff: 0.000000e+00
Values at (3, 8): Result_seq = -4.182579e+00, Result_parallel = -4.182579e+00, Diff = 0.000000e+00
Values at (3, 8) are close to 0. Diff: 0.000000e+00
Values at (3, 9): Result_seq = 1.690692e+01, Result_parallel = 1.690692e+01, Diff = 0.000000e+00
Values at (3, 9) are close to 0. Diff: 0.000000e+00
Values at (4, 0): Result_seq = 3.333971e+01, Result_parallel = 3.333971e+01, Diff = 0.000000e+00
Values at (4, 0) are close to 0. Diff: 0.000000e+00
Values at (4, 1): Result_seq = 1.470687e+01, Result_parallel = 1.470687e+01, Diff = 0.000000e+00
Values at (4, 1) are close to 0. Diff: 0.000000e+00
Values at (4, 2): Result_seq = -4.604144e+01, Result_parallel = -4.604144e+01, Diff = 0.000000e+00
Values at (4, 2) are close to 0. Diff: 0.000000e+00
Values at (4, 3): Result_seq = 5.508082e+00, Result_parallel = 5.508082e+00, Diff = 0.000000e+00
Values at (4, 3) are close to 0. Diff: 0.000000e+00
Values at (4, 4): Result_seq = 1.331116e+01, Result_parallel = 1.331116e+01, Diff = 0.000000e+00
Values at (4, 4) are close to 0. Diff: 0.000000e+00
Values at (4, 5): Result_seq = -7.568345e+00, Result_parallel = -7.568345e+00, Diff = 0.000000e+00
Values at (4, 5) are close to 0. Diff: 0.000000e+00
Values at (4, 6): Result_seq = 9.955842e+00, Result_parallel = 9.955842e+00, Diff = 0.000000e+00
Values at (4, 6) are close to 0. Diff: 0.000000e+00
Values at (4, 7): Result_seq = 8.279769e+00, Result_parallel = 8.279769e+00, Diff = 0.000000e+00
Values at (4, 7) are close to 0. Diff: 0.000000e+00
Values at (4, 8): Result_seq = 8.526402e+00, Result_parallel = 8.526402e+00, Diff = 0.000000e+00
Values at (4, 8) are close to 0. Diff: 0.000000e+00
Values at (4, 9): Result_seq = -5.913435e+00, Result_parallel = -5.913435e+00, Diff = 0.000000e+00
Values at (4, 9) are close to 0. Diff: 0.000000e+00
Values at (5, 0): Result_seq = -1.570058e+01, Result_parallel = -1.570058e+01, Diff = 0.000000e+00
Values at (5, 0) are close to 0. Diff: 0.000000e+00
Values at (5, 1): Result_seq = -3.154134e+00, Result_parallel = -3.154134e+00, Diff = 0.000000e+00
Values at (5, 1) are close to 0. Diff: 0.000000e+00
Values at (5, 2): Result_seq = 1.522389e+01, Result_parallel = 1.522389e+01, Diff = 0.000000e+00
Values at (5, 2) are close to 0. Diff: 0.000000e+00
Values at (5, 3): Result_seq = -3.083639e+00, Result_parallel = -3.083639e+00, Diff = 0.000000e+00
Values at (5, 3) are close to 0. Diff: 0.000000e+00
Values at (5, 4): Result_seq = -1.116508e+01, Result_parallel = -1.116508e+01, Diff = 0.000000e+00
Values at (5, 4) are close to 0. Diff: 0.000000e+00
Values at (5, 5): Result_seq = -9.153164e+00, Result_parallel = -9.153164e+00, Diff = 0.000000e+00
Values at (5, 5) are close to 0. Diff: 0.000000e+00
Values at (5, 6): Result_seq = 3.134495e+01, Result_parallel = 3.134495e+01, Diff = 0.000000e+00
Values at (5, 6) are close to 0. Diff: 0.000000e+00
Values at (5, 7): Result_seq = -1.129119e+01, Result_parallel = -1.129119e+01, Diff = 0.000000e+00
Values at (5, 7) are close to 0. Diff: 0.000000e+00
Values at (5, 8): Result_seq = -1.204887e+01, Result_parallel = -1.204887e+01, Diff = 0.000000e+00
Values at (5, 8) are close to 0. Diff: 0.000000e+00
Values at (5, 9): Result_seq = -8.099599e+00, Result_parallel = -8.099599e+00, Diff = 0.000000e+00
Values at (5, 9) are close to 0. Diff: 0.000000e+00
Values at (6, 0): Result_seq = -4.884413e+00, Result_parallel = -4.884413e+00, Diff = 0.000000e+00
Values at (6, 0) are close to 0. Diff: 0.000000e+00
Values at (6, 1): Result_seq = 4.449514e+00, Result_parallel = 4.449514e+00, Diff = 0.000000e+00
Values at (6, 1) are close to 0. Diff: 0.000000e+00
Values at (6, 2): Result_seq = 1.076823e+00, Result_parallel = 1.076823e+00, Diff = 0.000000e+00
Values at (6, 2) are close to 0. Diff: 0.000000e+00
Values at (6, 3): Result_seq = -1.247054e+01, Result_parallel = -1.247054e+01, Diff = 0.000000e+00
Values at (6, 3) are close to 0. Diff: 0.000000e+00
Values at (6, 4): Result_seq = -5.366727e+00, Result_parallel = -5.366727e+00, Diff = 0.000000e+00
Values at (6, 4) are close to 0. Diff: 0.000000e+00
Values at (6, 5): Result_seq = 9.773012e+00, Result_parallel = 9.773012e+00, Diff = 0.000000e+00
Values at (6, 5) are close to 0. Diff: 0.000000e+00
Values at (6, 6): Result_seq = -2.906271e+01, Result_parallel = -2.906271e+01, Diff = 0.000000e+00
Values at (6, 6) are close to 0. Diff: 0.000000e+00
Values at (6, 7): Result_seq = -1.448465e+01, Result_parallel = -1.448465e+01, Diff = 0.000000e+00
Values at (6, 7) are close to 0. Diff: 0.000000e+00
Values at (6, 8): Result_seq = -4.311834e+00, Result_parallel = -4.311834e+00, Diff = 0.000000e+00
Values at (6, 8) are close to 0. Diff: 0.000000e+00
Values at (6, 9): Result_seq = 1.390757e+01, Result_parallel = 1.390757e+01, Diff = 0.000000e+00
Values at (6, 9) are close to 0. Diff: 0.000000e+00
Values at (7, 0): Result_seq = 8.266701e+00, Result_parallel = 8.266701e+00, Diff = 0.000000e+00
Values at (7, 0) are close to 0. Diff: 0.000000e+00
Values at (7, 1): Result_seq = 1.081230e-01, Result_parallel = 1.081230e-01, Diff = 0.000000e+00
Values at (7, 1) are close to 0. Diff: 0.000000e+00
Values at (7, 2): Result_seq = -4.225157e-01, Result_parallel = -4.225157e-01, Diff = 0.000000e+00
Values at (7, 2) are close to 0. Diff: 0.000000e+00
Values at (7, 3): Result_seq = -1.439122e+01, Result_parallel = -1.439122e+01, Diff = 0.000000e+00
Values at (7, 3) are close to 0. Diff: 0.000000e+00
Values at (7, 4): Result_seq = 9.602318e+00, Result_parallel = 9.602318e+00, Diff = 0.000000e+00
Values at (7, 4) are close to 0. Diff: 0.000000e+00
Values at (7, 5): Result_seq = 2.710672e+01, Result_parallel = 2.710672e+01, Diff = 0.000000e+00
Values at (7, 5) are close to 0. Diff: 0.000000e+00
Values at (7, 6): Result_seq = 9.069753e+00, Result_parallel = 9.069753e+00, Diff = 0.000000e+00
Values at (7, 6) are close to 0. Diff: 0.000000e+00
Values at (7, 7): Result_seq = 3.141156e+00, Result_parallel = 3.141156e+00, Diff = 0.000000e+00
Values at (7, 7) are close to 0. Diff: 0.000000e+00
Values at (7, 8): Result_seq = 2.286551e+00, Result_parallel = 2.286551e+00, Diff = 0.000000e+00
Values at (7, 8) are close to 0. Diff: 0.000000e+00
Values at (7, 9): Result_seq = 2.703214e+00, Result_parallel = 2.703214e+00, Diff = 0.000000e+00
Values at (7, 9) are close to 0. Diff: 0.000000e+00
Values at (8, 0): Result_seq = 2.295532e+01, Result_parallel = 2.295532e+01, Diff = 0.000000e+00
Values at (8, 0) are close to 0. Diff: 0.000000e+00
Values at (8, 1): Result_seq = -1.336863e+01, Result_parallel = -1.336863e+01, Diff = 0.000000e+00
Values at (8, 1) are close to 0. Diff: 0.000000e+00
Values at (8, 2): Result_seq = -1.294981e+00, Result_parallel = -1.294981e+00, Diff = 0.000000e+00
Values at (8, 2) are close to 0. Diff: 0.000000e+00
Values at (8, 3): Result_seq = -3.486006e+00, Result_parallel = -3.486006e+00, Diff = 0.000000e+00
Values at (8, 3) are close to 0. Diff: 0.000000e+00
Values at (8, 4): Result_seq = 3.792396e-01, Result_parallel = 3.792396e-01, Diff = 0.000000e+00
Values at (8, 4) are close to 0. Diff: 0.000000e+00
Values at (8, 5): Result_seq = -6.250560e+00, Result_parallel = -6.250560e+00, Diff = 0.000000e+00
Values at (8, 5) are close to 0. Diff: 0.000000e+00
Values at (8, 6): Result_seq = -3.436204e-02, Result_parallel = -3.436204e-02, Diff = 0.000000e+00
Values at (8, 6) are close to 0. Diff: 0.000000e+00
Values at (8, 7): Result_seq = -2.809004e+01, Result_parallel = -2.809004e+01, Diff = 0.000000e+00
Values at (8, 7) are close to 0. Diff: 0.000000e+00
Values at (8, 8): Result_seq = -2.882930e+01, Result_parallel = -2.882930e+01, Diff = 0.000000e+00
Values at (8, 8) are close to 0. Diff: 0.000000e+00
Values at (8, 9): Result_seq = -1.875689e+01, Result_parallel = -1.875689e+01, Diff = 0.000000e+00
Values at (8, 9) are close to 0. Diff: 0.000000e+00
Values at (9, 0): Result_seq = 6.416029e+00, Result_parallel = 6.416029e+00, Diff = 0.000000e+00
Values at (9, 0) are close to 0. Diff: 0.000000e+00
Values at (9, 1): Result_seq = 1.446521e+01, Result_parallel = 1.446521e+01, Diff = 0.000000e+00
Values at (9, 1) are close to 0. Diff: 0.000000e+00
Values at (9, 2): Result_seq = 2.837090e-02, Result_parallel = 2.837090e-02, Diff = 0.000000e+00
Values at (9, 2) are close to 0. Diff: 0.000000e+00
Values at (9, 3): Result_seq = -7.375363e+00, Result_parallel = -7.375363e+00, Diff = 0.000000e+00
Values at (9, 3) are close to 0. Diff: 0.000000e+00
Values at (9, 4): Result_seq = -1.197326e+01, Result_parallel = -1.197326e+01, Diff = 0.000000e+00
Values at (9, 4) are close to 0. Diff: 0.000000e+00
Values at (9, 5): Result_seq = 3.292067e+00, Result_parallel = 3.292067e+00, Diff = 0.000000e+00
Values at (9, 5) are close to 0. Diff: 0.000000e+00
Values at (9, 6): Result_seq = 1.659756e+01, Result_parallel = 1.659756e+01, Diff = 0.000000e+00
Values at (9, 6) are close to 0. Diff: 0.000000e+00
Values at (9, 7): Result_seq = 6.198023e+00, Result_parallel = 6.198023e+00, Diff = 0.000000e+00
Values at (9, 7) are close to 0. Diff: 0.000000e+00
Values at (9, 8): Result_seq = 1.296878e+01, Result_parallel = 1.296878e+01, Diff = 0.000000e+00
Values at (9, 8) are close to 0. Diff: 0.000000e+00
Values at (9, 9): Result_seq = -2.489255e+00, Result_parallel = -2.489255e+00, Diff = 0.000000e+00
Values at (9, 9) are close to 0. Diff: 0.000000e+00
Total values checked: 100, close to 0 (positive check) are: 100
