Time spent for sequential multiplying two 4096 by 4096 matrices is 645.195973 seconds. From rank: 0
Time spent for parallel multiplying two 4096 by 4096 matrices is 5.826464 seconds. From rank: 0
Hello from 0 of 16 processors.
Values at (0, 0): Result_seq = -1.535530e+01, Result_parallel = -1.535530e+01, Diff = 0.000000e+00
Values at (0, 0) are close to 0. Diff: 0.000000e+00
Values at (0, 1): Result_seq = 1.159934e+01, Result_parallel = 1.159934e+01, Diff = 0.000000e+00
Values at (0, 1) are close to 0. Diff: 0.000000e+00
Values at (0, 2): Result_seq = 1.180075e+01, Result_parallel = 1.180075e+01, Diff = 0.000000e+00
Values at (0, 2) are close to 0. Diff: 0.000000e+00
Values at (0, 3): Result_seq = 6.815127e+00, Result_parallel = 6.815127e+00, Diff = 0.000000e+00
Values at (0, 3) are close to 0. Diff: 0.000000e+00
Values at (0, 4): Result_seq = 1.577708e+01, Result_parallel = 1.577708e+01, Diff = 0.000000e+00
Values at (0, 4) are close to 0. Diff: 0.000000e+00
Values at (0, 5): Result_seq = -9.640463e+00, Result_parallel = -9.640463e+00, Diff = 0.000000e+00
Values at (0, 5) are close to 0. Diff: 0.000000e+00
Values at (0, 6): Result_seq = 1.953219e+01, Result_parallel = 1.953219e+01, Diff = 0.000000e+00
Values at (0, 6) are close to 0. Diff: 0.000000e+00
Values at (0, 7): Result_seq = 1.231149e+01, Result_parallel = 1.231149e+01, Diff = 0.000000e+00
Values at (0, 7) are close to 0. Diff: 0.000000e+00
Values at (0, 8): Result_seq = 1.574042e+01, Result_parallel = 1.574042e+01, Diff = 0.000000e+00
Values at (0, 8) are close to 0. Diff: 0.000000e+00
Values at (0, 9): Result_seq = -2.422966e+00, Result_parallel = -2.422966e+00, Diff = 0.000000e+00
Values at (0, 9) are close to 0. Diff: 0.000000e+00
Values at (1, 0): Result_seq = 9.106687e+00, Result_parallel = 9.106687e+00, Diff = 0.000000e+00
Values at (1, 0) are close to 0. Diff: 0.000000e+00
Values at (1, 1): Result_seq = 3.973943e+00, Result_parallel = 3.973943e+00, Diff = 0.000000e+00
Values at (1, 1) are close to 0. Diff: 0.000000e+00
Hello from 1 of 16 processors.
Hello from 3 of 16 processors.
Hello from 7 of 16 processors.
Hello from 8 of 16 processors.
Hello from 9 of 16 processors.
Hello from 10 of 16 processors.
Hello from 12 of 16 processors.
Hello from 13 of 16 processors.
Hello from 14 of 16 processors.
Values at (1, 2): Result_seq = 3.784337e+01, Result_parallel = 3.784337e+01, Diff = 0.000000e+00
Values at (1, 2) are close to 0. Diff: 0.000000e+00
Values at (1, 3): Result_seq = 3.342126e+01, Result_parallel = 3.342126e+01, Diff = 0.000000e+00
Values at (1, 3) are close to 0. Diff: 0.000000e+00
Values at (1, 4): Result_seq = -2.772913e+01, Result_parallel = -2.772913e+01, Diff = 0.000000e+00
Values at (1, 4) are close to 0. Diff: 0.000000e+00
Values at (1, 5): Result_seq = 3.652976e+00, Result_parallel = 3.652976e+00, Diff = 0.000000e+00
Values at (1, 5) are close to 0. Diff: 0.000000e+00
Values at (1, 6): Result_seq = 3.595349e+01, Result_parallel = 3.595349e+01, Diff = 0.000000e+00
Values at (1, 6) are close to 0. Diff: 0.000000e+00
Values at (1, 7): Result_seq = -1.904671e+01, Result_parallel = -1.904671e+01, Diff = 0.000000e+00
Values at (1, 7) are close to 0. Diff: 0.000000e+00
Values at (1, 8): Result_seq = 2.204355e+01, Result_parallel = 2.204355e+01, Diff = 0.000000e+00
Values at (1, 8) are close to 0. Diff: 0.000000e+00
Values at (1, 9): Result_seq = -9.244599e+00, Result_parallel = -9.244599e+00, Diff = 0.000000e+00
Values at (1, 9) are close to 0. Diff: 0.000000e+00
Values at (2, 0): Result_seq = -6.580129e+00, Result_parallel = -6.580129e+00, Diff = 0.000000e+00
Values at (2, 0) are close to 0. Diff: 0.000000e+00
Values at (2, 1): Result_seq = -1.645551e+00, Result_parallel = -1.645551e+00, Diff = 0.000000e+00
Values at (2, 1) are close to 0. Diff: 0.000000e+00
Values at (2, 2): Result_seq = -4.092539e+01, Result_parallel = -4.092539e+01, Diff = 0.000000e+00
Values at (2, 2) are close to 0. Diff: 0.000000e+00
Values at (2, 3): Result_seq = 1.972707e+01, Result_parallel = 1.972707e+01, Diff = 0.000000e+00
Values at (2, 3) are close to 0. Diff: 0.000000e+00
Values at (2, 4): Result_seq = -3.388424e+01, Result_parallel = -3.388424e+01, Diff = 0.000000e+00
Values at (2, 4) are close to 0. Diff: 0.000000e+00
Values at (2, 5): Result_seq = 6.026197e+00, Result_parallel = 6.026197e+00, Diff = 0.000000e+00
Values at (2, 5) are close to 0. Diff: 0.000000e+00
Values at (2, 6): Result_seq = 1.722612e+01, Result_parallel = 1.722612e+01, Diff = 0.000000e+00
Values at (2, 6) are close to 0. Diff: 0.000000e+00
Values at (2, 7): Result_seq = -1.634737e+00, Result_parallel = -1.634737e+00, Diff = 0.000000e+00
Values at (2, 7) are close to 0. Diff: 0.000000e+00
Values at (2, 8): Result_seq = 4.184783e+01, Result_parallel = 4.184783e+01, Diff = 0.000000e+00
Values at (2, 8) are close to 0. Diff: 0.000000e+00
Values at (2, 9): Result_seq = -8.303822e+00, Result_parallel = -8.303822e+00, Diff = 0.000000e+00
Values at (2, 9) are close to 0. Diff: 0.000000e+00
Values at (3, 0): Result_seq = -4.001945e+00, Result_parallel = -4.001945e+00, Diff = 0.000000e+00
Values at (3, 0) are close to 0. Diff: 0.000000e+00
Values at (3, 1): Result_seq = 1.164692e+01, Result_parallel = 1.164692e+01, Diff = 0.000000e+00
Values at (3, 1) are close to 0. Diff: 0.000000e+00
Values at (3, 2): Result_seq = 1.110304e+01, Result_parallel = 1.110304e+01, Diff = 0.000000e+00
Values at (3, 2) are close to 0. Diff: 0.000000e+00
Values at (3, 3): Result_seq = 2.797020e+01, Result_parallel = 2.797020e+01, Diff = 0.000000e+00
Values at (3, 3) are close to 0. Diff: 0.000000e+00
Values at (3, 4): Result_seq = -2.902715e+01, Result_parallel = -2.902715e+01, Diff = 0.000000e+00
Values at (3, 4) are close to 0. Diff: 0.000000e+00
Values at (3, 5): Result_seq = 9.137353e+00, Result_parallel = 9.137353e+00, Diff = 0.000000e+00
Values at (3, 5) are close to 0. Diff: 0.000000e+00
Values at (3, 6): Result_seq = 2.611980e+01, Result_parallel = 2.611980e+01, Diff = 0.000000e+00
Values at (3, 6) are close to 0. Diff: 0.000000e+00
Values at (3, 7): Result_seq = -2.527274e+01, Result_parallel = -2.527274e+01, Diff = 0.000000e+00
Values at (3, 7) are close to 0. Diff: 0.000000e+00
Values at (3, 8): Result_seq = 2.316368e+01, Result_parallel = 2.316368e+01, Diff = 0.000000e+00
Values at (3, 8) are close to 0. Diff: 0.000000e+00
Values at (3, 9): Result_seq = 3.695768e+01, Result_parallel = 3.695768e+01, Diff = 0.000000e+00
Values at (3, 9) are close to 0. Diff: 0.000000e+00
Values at (4, 0): Result_seq = 9.518294e+00, Result_parallel = 9.518294e+00, Diff = 0.000000e+00
Values at (4, 0) are close to 0. Diff: 0.000000e+00
Values at (4, 1): Result_seq = 8.993161e+00, Result_parallel = 8.993161e+00, Diff = 0.000000e+00
Values at (4, 1) are close to 0. Diff: 0.000000e+00
Values at (4, 2): Result_seq = -1.686686e+01, Result_parallel = -1.686686e+01, Diff = 0.000000e+00
Values at (4, 2) are close to 0. Diff: 0.000000e+00
Values at (4, 3): Result_seq = -4.434396e+00, Result_parallel = -4.434396e+00, Diff = 0.000000e+00
Values at (4, 3) are close to 0. Diff: 0.000000e+00
Values at (4, 4): Result_seq = 3.462168e+01, Result_parallel = 3.462168e+01, Diff = 0.000000e+00
Values at (4, 4) are close to 0. Diff: 0.000000e+00
Values at (4, 5): Result_seq = -6.338805e+00, Result_parallel = -6.338805e+00, Diff = 0.000000e+00
Values at (4, 5) are close to 0. Diff: 0.000000e+00
Values at (4, 6): Result_seq = -2.225777e+01, Result_parallel = -2.225777e+01, Diff = 0.000000e+00
Values at (4, 6) are close to 0. Diff: 0.000000e+00
Values at (4, 7): Result_seq = -1.831984e+01, Result_parallel = -1.831984e+01, Diff = 0.000000e+00
Values at (4, 7) are close to 0. Diff: 0.000000e+00
Values at (4, 8): Result_seq = 2.738312e+00, Result_parallel = 2.738312e+00, Diff = 0.000000e+00
Values at (4, 8) are close to 0. Diff: 0.000000e+00
Values at (4, 9): Result_seq = -2.035751e+00, Result_parallel = -2.035751e+00, Diff = 0.000000e+00
Values at (4, 9) are close to 0. Diff: 0.000000e+00
Values at (5, 0): Result_seq = -2.300961e+00, Result_parallel = -2.300961e+00, Diff = 0.000000e+00
Values at (5, 0) are close to 0. Diff: 0.000000e+00
Hello from 2 of 16 processors.
Hello from 4 of 16 processors.
Hello from 5 of 16 processors.
Hello from 6 of 16 processors.
Hello from 11 of 16 processors.
Hello from 15 of 16 processors.
Values at (5, 1): Result_seq = 2.934978e+01, Result_parallel = 2.934978e+01, Diff = 0.000000e+00
Values at (5, 1) are close to 0. Diff: 0.000000e+00
Values at (5, 2): Result_seq = -9.285734e+00, Result_parallel = -9.285734e+00, Diff = 0.000000e+00
Values at (5, 2) are close to 0. Diff: 0.000000e+00
Values at (5, 3): Result_seq = 1.319518e+00, Result_parallel = 1.319518e+00, Diff = 0.000000e+00
Values at (5, 3) are close to 0. Diff: 0.000000e+00
Values at (5, 4): Result_seq = 1.333955e+01, Result_parallel = 1.333955e+01, Diff = 0.000000e+00
Values at (5, 4) are close to 0. Diff: 0.000000e+00
Values at (5, 5): Result_seq = -3.035338e+01, Result_parallel = -3.035338e+01, Diff = 0.000000e+00
Values at (5, 5) are close to 0. Diff: 0.000000e+00
Values at (5, 6): Result_seq = -4.918366e+00, Result_parallel = -4.918366e+00, Diff = 0.000000e+00
Values at (5, 6) are close to 0. Diff: 0.000000e+00
Values at (5, 7): Result_seq = 1.752958e+01, Result_parallel = 1.752958e+01, Diff = 0.000000e+00
Values at (5, 7) are close to 0. Diff: 0.000000e+00
Values at (5, 8): Result_seq = 9.868909e+00, Result_parallel = 9.868909e+00, Diff = 0.000000e+00
Values at (5, 8) are close to 0. Diff: 0.000000e+00
Values at (5, 9): Result_seq = -5.076268e+00, Result_parallel = -5.076268e+00, Diff = 0.000000e+00
Values at (5, 9) are close to 0. Diff: 0.000000e+00
Values at (6, 0): Result_seq = 3.753531e-01, Result_parallel = 3.753531e-01, Diff = 0.000000e+00
Values at (6, 0) are close to 0. Diff: 0.000000e+00
Values at (6, 1): Result_seq = 2.158294e+01, Result_parallel = 2.158294e+01, Diff = 0.000000e+00
Values at (6, 1) are close to 0. Diff: 0.000000e+00
Values at (6, 2): Result_seq = 4.120928e+01, Result_parallel = 4.120928e+01, Diff = 0.000000e+00
Values at (6, 2) are close to 0. Diff: 0.000000e+00
Values at (6, 3): Result_seq = -1.324421e+01, Result_parallel = -1.324421e+01, Diff = 0.000000e+00
Values at (6, 3) are close to 0. Diff: 0.000000e+00
Values at (6, 4): Result_seq = -3.936908e+00, Result_parallel = -3.936908e+00, Diff = 0.000000e+00
Values at (6, 4) are close to 0. Diff: 0.000000e+00
Values at (6, 5): Result_seq = 2.016961e+01, Result_parallel = 2.016961e+01, Diff = 0.000000e+00
Values at (6, 5) are close to 0. Diff: 0.000000e+00
Values at (6, 6): Result_seq = -1.685078e+01, Result_parallel = -1.685078e+01, Diff = 0.000000e+00
Values at (6, 6) are close to 0. Diff: 0.000000e+00
Values at (6, 7): Result_seq = 5.047513e+00, Result_parallel = 5.047513e+00, Diff = 0.000000e+00
Values at (6, 7) are close to 0. Diff: 0.000000e+00
Values at (6, 8): Result_seq = -8.252502e+00, Result_parallel = -8.252502e+00, Diff = 0.000000e+00
Values at (6, 8) are close to 0. Diff: 0.000000e+00
Values at (6, 9): Result_seq = -5.854782e+00, Result_parallel = -5.854782e+00, Diff = 0.000000e+00
Values at (6, 9) are close to 0. Diff: 0.000000e+00
Values at (7, 0): Result_seq = 4.330068e+00, Result_parallel = 4.330068e+00, Diff = 0.000000e+00
Values at (7, 0) are close to 0. Diff: 0.000000e+00
Values at (7, 1): Result_seq = 1.986983e+00, Result_parallel = 1.986983e+00, Diff = 0.000000e+00
Values at (7, 1) are close to 0. Diff: 0.000000e+00
Values at (7, 2): Result_seq = -2.249133e+01, Result_parallel = -2.249133e+01, Diff = 0.000000e+00
Values at (7, 2) are close to 0. Diff: 0.000000e+00
Values at (7, 3): Result_seq = 2.490034e+01, Result_parallel = 2.490034e+01, Diff = 0.000000e+00
Values at (7, 3) are close to 0. Diff: 0.000000e+00
Values at (7, 4): Result_seq = -1.151654e+01, Result_parallel = -1.151654e+01, Diff = 0.000000e+00
Values at (7, 4) are close to 0. Diff: 0.000000e+00
Values at (7, 5): Result_seq = 9.214439e+00, Result_parallel = 9.214439e+00, Diff = 0.000000e+00
Values at (7, 5) are close to 0. Diff: 0.000000e+00
Values at (7, 6): Result_seq = -8.863462e+00, Result_parallel = -8.863462e+00, Diff = 0.000000e+00
Values at (7, 6) are close to 0. Diff: 0.000000e+00
Values at (7, 7): Result_seq = -8.987999e+00, Result_parallel = -8.987999e+00, Diff = 0.000000e+00
Values at (7, 7) are close to 0. Diff: 0.000000e+00
Values at (7, 8): Result_seq = -1.049767e+01, Result_parallel = -1.049767e+01, Diff = 0.000000e+00
Values at (7, 8) are close to 0. Diff: 0.000000e+00
Values at (7, 9): Result_seq = -8.812248e+00, Result_parallel = -8.812248e+00, Diff = 0.000000e+00
Values at (7, 9) are close to 0. Diff: 0.000000e+00
Values at (8, 0): Result_seq = -2.444018e+00, Result_parallel = -2.444018e+00, Diff = 0.000000e+00
Values at (8, 0) are close to 0. Diff: 0.000000e+00
Values at (8, 1): Result_seq = 3.053561e+01, Result_parallel = 3.053561e+01, Diff = 0.000000e+00
Values at (8, 1) are close to 0. Diff: 0.000000e+00
Values at (8, 2): Result_seq = 9.837759e+00, Result_parallel = 9.837759e+00, Diff = 0.000000e+00
Values at (8, 2) are close to 0. Diff: 0.000000e+00
Values at (8, 3): Result_seq = -9.033398e+00, Result_parallel = -9.033398e+00, Diff = 0.000000e+00
Values at (8, 3) are close to 0. Diff: 0.000000e+00
Values at (8, 4): Result_seq = 1.011358e+01, Result_parallel = 1.011358e+01, Diff = 0.000000e+00
Values at (8, 4) are close to 0. Diff: 0.000000e+00
Values at (8, 5): Result_seq = -2.116020e+01, Result_parallel = -2.116020e+01, Diff = 0.000000e+00
Values at (8, 5) are close to 0. Diff: 0.000000e+00
Values at (8, 6): Result_seq = 2.152453e+01, Result_parallel = 2.152453e+01, Diff = 0.000000e+00
Values at (8, 6) are close to 0. Diff: 0.000000e+00
Values at (8, 7): Result_seq = 1.989056e+01, Result_parallel = 1.989056e+01, Diff = 0.000000e+00
Values at (8, 7) are close to 0. Diff: 0.000000e+00
Values at (8, 8): Result_seq = 6.675333e-01, Result_parallel = 6.675333e-01, Diff = 0.000000e+00
Values at (8, 8) are close to 0. Diff: 0.000000e+00
Values at (8, 9): Result_seq = 5.597871e+00, Result_parallel = 5.597871e+00, Diff = 0.000000e+00
Values at (8, 9) are close to 0. Diff: 0.000000e+00
Values at (9, 0): Result_seq = -3.232501e+01, Result_parallel = -3.232501e+01, Diff = 0.000000e+00
Values at (9, 0) are close to 0. Diff: 0.000000e+00
Values at (9, 1): Result_seq = -1.934010e+01, Result_parallel = -1.934010e+01, Diff = 0.000000e+00
Values at (9, 1) are close to 0. Diff: 0.000000e+00
Values at (9, 2): Result_seq = 1.615523e+01, Result_parallel = 1.615523e+01, Diff = 0.000000e+00
Values at (9, 2) are close to 0. Diff: 0.000000e+00
Values at (9, 3): Result_seq = 4.680502e+01, Result_parallel = 4.680502e+01, Diff = 0.000000e+00
Values at (9, 3) are close to 0. Diff: 0.000000e+00
Values at (9, 4): Result_seq = 1.032347e+01, Result_parallel = 1.032347e+01, Diff = 0.000000e+00
Values at (9, 4) are close to 0. Diff: 0.000000e+00
Values at (9, 5): Result_seq = 7.952143e+00, Result_parallel = 7.952143e+00, Diff = 0.000000e+00
Values at (9, 5) are close to 0. Diff: 0.000000e+00
Values at (9, 6): Result_seq = -2.213112e+00, Result_parallel = -2.213112e+00, Diff = 0.000000e+00
Values at (9, 6) are close to 0. Diff: 0.000000e+00
Values at (9, 7): Result_seq = 2.847955e+01, Result_parallel = 2.847955e+01, Diff = 0.000000e+00
Values at (9, 7) are close to 0. Diff: 0.000000e+00
Values at (9, 8): Result_seq = -1.382183e+01, Result_parallel = -1.382183e+01, Diff = 0.000000e+00
Values at (9, 8) are close to 0. Diff: 0.000000e+00
Values at (9, 9): Result_seq = 5.526460e+00, Result_parallel = 5.526460e+00, Diff = 0.000000e+00
Values at (9, 9) are close to 0. Diff: 0.000000e+00
Total values checked: 100, close to 0 (positive check) are: 100
